<?xml version="1.0" encoding="UTF-8"?>
<coverage generated="1698638362862" clover="3.2.0">
  <project timestamp="1698638362862" name="All files">
    <metrics statements="7" coveredstatements="7" conditionals="0" coveredconditionals="0" methods="3" coveredmethods="3" elements="10" coveredelements="10" complexity="0" loc="7" ncloc="7" packages="2" files="4" classes="4"/>
    <package name="app">
      <metrics statements="1" coveredstatements="1" conditionals="0" coveredconditionals="0" methods="0" coveredmethods="0"/>
      <file name="styles.jsx" path="/Users/dvs/Documents/INGENIERIA_CIVIL/ANDES/ProyectoFinal2/abc-movil/app/styles.jsx">
        <metrics statements="1" coveredstatements="1" conditionals="0" coveredconditionals="0" methods="0" coveredmethods="0"/>
        <line num="3" count="3" type="stmt"/>
      </file>
    </package>
    <package name="app.(private)">
      <metrics statements="6" coveredstatements="6" conditionals="0" coveredconditionals="0" methods="3" coveredmethods="3"/>
      <file name="home.jsx" path="/Users/dvs/Documents/INGENIERIA_CIVIL/ANDES/ProyectoFinal2/abc-movil/app/(private)/home.jsx">
        <metrics statements="2" coveredstatements="2" conditionals="0" coveredconditionals="0" methods="1" coveredmethods="1"/>
        <line num="3" count="1" type="stmt"/>
        <line num="4" count="1" type="stmt"/>
      </file>
      <file name="profile.jsx" path="/Users/dvs/Documents/INGENIERIA_CIVIL/ANDES/ProyectoFinal2/abc-movil/app/(private)/profile.jsx">
        <metrics statements="2" coveredstatements="2" conditionals="0" coveredconditionals="0" methods="1" coveredmethods="1"/>
        <line num="3" count="1" type="stmt"/>
        <line num="4" count="1" type="stmt"/>
      </file>
      <file name="search.jsx" path="/Users/dvs/Documents/INGENIERIA_CIVIL/ANDES/ProyectoFinal2/abc-movil/app/(private)/search.jsx">
        <metrics statements="2" coveredstatements="2" conditionals="0" coveredconditionals="0" methods="1" coveredmethods="1"/>
        <line num="4" count="1" type="stmt"/>
        <line num="5" count="1" type="stmt"/>
      </file>
    </package>
  </project>
</coverage>
