{"/Users/dvs/Documents/INGENIERIA_CIVIL/ANDES/ProyectoFinal2/abc-movil/app/styles.jsx": {"path":"/Users/dvs/Documents/INGENIERIA_CIVIL/ANDES/ProyectoFinal2/abc-movil/app/styles.jsx","statementMap":{"0":{"start":{"line":3,"column":15},"end":{"line":59,"column":2}}},"fnMap":{},"branchMap":{},"s":{"0":3},"f":{},"b":{},"_coverageSchema":"1a1c01bbd47fc00a2c39e90264f33305004495a9","hash":"b12629844e21b0da9d6ded12ef8b377c7460b65a"}
,"/Users/dvs/Documents/INGENIERIA_CIVIL/ANDES/ProyectoFinal2/abc-movil/app/(private)/home.jsx": {"path":"/Users/dvs/Documents/INGENIERIA_CIVIL/ANDES/ProyectoFinal2/abc-movil/app/(private)/home.jsx","statementMap":{"0":{"start":{"line":3,"column":17},"end":{"line":11,"column":1}},"1":{"start":{"line":4,"column":4},"end":{"line":10,"column":6}}},"fnMap":{"0":{"name":"(anonymous_0)","decl":{"start":{"line":3,"column":17},"end":{"line":3,"column":18}},"loc":{"start":{"line":3,"column":23},"end":{"line":11,"column":1}},"line":3}},"branchMap":{},"s":{"0":1,"1":1},"f":{"0":1},"b":{},"_coverageSchema":"1a1c01bbd47fc00a2c39e90264f33305004495a9","hash":"b1095820395e0be0895ede05b870bb2e35f83338"}
,"/Users/dvs/Documents/INGENIERIA_CIVIL/ANDES/ProyectoFinal2/abc-movil/app/(private)/profile.jsx": {"path":"/Users/dvs/Documents/INGENIERIA_CIVIL/ANDES/ProyectoFinal2/abc-movil/app/(private)/profile.jsx","statementMap":{"0":{"start":{"line":3,"column":20},"end":{"line":11,"column":1}},"1":{"start":{"line":4,"column":4},"end":{"line":10,"column":6}}},"fnMap":{"0":{"name":"(anonymous_0)","decl":{"start":{"line":3,"column":20},"end":{"line":3,"column":21}},"loc":{"start":{"line":3,"column":26},"end":{"line":11,"column":1}},"line":3}},"branchMap":{},"s":{"0":1,"1":1},"f":{"0":1},"b":{},"_coverageSchema":"1a1c01bbd47fc00a2c39e90264f33305004495a9","hash":"d72a1a0774cdece56c5b54295cd84e7cc2bc9f7e"}
,"/Users/dvs/Documents/INGENIERIA_CIVIL/ANDES/ProyectoFinal2/abc-movil/app/(private)/search.jsx": {"path":"/Users/dvs/Documents/INGENIERIA_CIVIL/ANDES/ProyectoFinal2/abc-movil/app/(private)/search.jsx","statementMap":{"0":{"start":{"line":4,"column":19},"end":{"line":12,"column":1}},"1":{"start":{"line":5,"column":4},"end":{"line":11,"column":6}}},"fnMap":{"0":{"name":"(anonymous_0)","decl":{"start":{"line":4,"column":19},"end":{"line":4,"column":20}},"loc":{"start":{"line":4,"column":25},"end":{"line":12,"column":1}},"line":4}},"branchMap":{},"s":{"0":1,"1":1},"f":{"0":1},"b":{},"_coverageSchema":"1a1c01bbd47fc00a2c39e90264f33305004495a9","hash":"716318a86f2ec83aed29621ddc458923ec1b32a5"}
}
