{"D:\\Usuarios\\Ismael\\Personal\\Estudios\\Maestria\\Proyecto 2\\ABC-Movil\\app\\styles.jsx": {"path":"D:\\Usuarios\\Ismael\\Personal\\Estudios\\Maestria\\Proyecto 2\\ABC-Movil\\app\\styles.jsx","statementMap":{"0":{"start":{"line":3,"column":15},"end":{"line":111,"column":2}}},"fnMap":{},"branchMap":{},"s":{"0":1},"f":{},"b":{},"_coverageSchema":"1a1c01bbd47fc00a2c39e90264f33305004495a9","hash":"788ca0659838d69cb5d4a1b9deddba815ce972c3"}
,"D:\\Usuarios\\Ismael\\Personal\\Estudios\\Maestria\\Proyecto 2\\ABC-Movil\\app\\(private)\\profile.jsx": {"path":"D:\\Usuarios\\Ismael\\Personal\\Estudios\\Maestria\\Proyecto 2\\ABC-Movil\\app\\(private)\\profile.jsx","statementMap":{"0":{"start":{"line":3,"column":20},"end":{"line":11,"column":1}},"1":{"start":{"line":4,"column":4},"end":{"line":10,"column":6}}},"fnMap":{"0":{"name":"(anonymous_0)","decl":{"start":{"line":3,"column":20},"end":{"line":3,"column":21}},"loc":{"start":{"line":3,"column":26},"end":{"line":11,"column":1}},"line":3}},"branchMap":{},"s":{"0":1,"1":1},"f":{"0":1},"b":{},"_coverageSchema":"1a1c01bbd47fc00a2c39e90264f33305004495a9","hash":"cd0a8934115af4afb3445565d9b92d1f5ec03205"}
}
